<?xml version="1.0" encoding="UTF-8"?>
<!-- Generated by org.testng.reporters.JUnitXMLReporter -->
<testsuite hostname="IN-QA10" ignored="2" name="Test2" tests="1" failures="0" timestamp="29 Dec 2018 14:51:07 GMT" time="0.006" errors="0">
  <testcase name="testTWO" time="0.002" classname="TestNGLearning.TestCaseExecution"/>
  <testcase name="testONE" time="0.0" classname="TestNGLearning.TestCaseExecution">
    <ignored/>
  </testcase> <!-- testONE -->
  <testcase name="testThree" time="0.0" classname="TestNGLearning.TestCaseExecution">
    <ignored/>
  </testcase> <!-- testThree -->
</testsuite> <!-- Test2 -->
