<?xml version="1.0" encoding="UTF-8"?>
<!-- Generated by org.testng.reporters.JUnitXMLReporter -->
<testsuite hostname="IN-QA10" ignored="2" name="TestSecond" tests="2" failures="0" timestamp="01 Jan 2019 10:47:02 GMT" time="0.015" errors="0">
  <testcase name="TestCaseFirst2" time="0.001" classname="TestNGLearning.Second"/>
  <testcase name="TestCaseSecond2" time="0.002" classname="TestNGLearning.Second"/>
  <testcase name="TestCaseFirst" time="0.0" classname="TestNGLearning.Second">
    <ignored/>
  </testcase> <!-- TestCaseFirst -->
  <testcase name="TestCaseSecond" time="0.0" classname="TestNGLearning.Second">
    <ignored/>
  </testcase> <!-- TestCaseSecond -->
</testsuite> <!-- TestSecond -->
