<?xml version="1.0" encoding="UTF-8"?>
<!-- Generated by org.testng.reporters.JUnitXMLReporter -->
<testsuite hostname="IN-QA10" ignored="0" name="Sprint1" tests="3" failures="1" timestamp="10 Aug 2018 04:32:04 GMT" time="0.056" errors="0">
  <testcase name="TestFB" time="0.011" classname="ExecutionOfFailTestCases.Facebok"/>
  <testcase name="TestGmail" time="0.001" classname="ExecutionOfFailTestCases.Gmail"/>
  <testcase name="TestWP" time="0.004" classname="ExecutionOfFailTestCases.Wordpress">
    <failure type="java.lang.AssertionError" message="expected [true] but found [false]">
      <![CDATA[java.lang.AssertionError: expected [true] but found [false]
at ExecutionOfFailTestCases.Wordpress.TestWP(Wordpress.java:12)
... Removed 29 stack frames]]>
    </failure>
  </testcase> <!-- TestWP -->
</testsuite> <!-- Sprint1 -->
