<?xml version="1.0" encoding="UTF-8"?>
<testng-results skipped="0" failed="0" ignored="0" total="1" passed="1">
  <reporter-output>
  </reporter-output>
  <suite name="Default suite" duration-ms="52" started-at="2018-09-16T11:14:23Z" finished-at="2018-09-16T11:14:23Z">
    <groups>
    </groups>
    <test name="Default test" duration-ms="52" started-at="2018-09-16T11:14:23Z" finished-at="2018-09-16T11:14:23Z">
      <class name="AssertionConcepts.SoftAssertion">
        <test-method status="PASS" signature="Verify()[pri:0, instance:AssertionConcepts.SoftAssertion@4501b7af]" name="Verify" duration-ms="25" started-at="2018-09-16T11:14:23Z" finished-at="2018-09-16T11:14:23Z">
          <reporter-output>
          </reporter-output>
        </test-method> <!-- Verify -->
      </class> <!-- AssertionConcepts.SoftAssertion -->
    </test> <!-- Default test -->
  </suite> <!-- Default suite -->
</testng-results>
